Using pre-set license
Built from '2022.3/staging' branch; Version is '2022.3.21f1 (bf09ca542b87) revision 12519882'; Using compiler version '192829333'; Build Type 'Release'
OS: 'Windows 11  (10.0.22631) 64bit Professional' Language: 'en' Physical Memory: 15777 MB
BatchMode: 1, IsHumanControllingUs: 0, StartBugReporterOnCrash: 0, Is64bit: 1, IsPro: 1

COMMAND LINE ARGUMENTS:
C:\Program Files\Unity\Hub\Editor\2022.3.21f1\Editor\Unity.exe
-adb2
-batchMode
-noUpm
-name
AssetImportWorker4
-projectPath
C:/Users/C23435852/Desktop/DetentionDungeon/DungeonGame/DetentionDungeon
-logFile
Logs/AssetImportWorker4.log
-srvPort
55998
Successfully changed project path to: C:/Users/C23435852/Desktop/DetentionDungeon/DungeonGame/DetentionDungeon
C:/Users/C23435852/Desktop/DetentionDungeon/DungeonGame/DetentionDungeon
[UnityMemory] Configuration Parameters - Can be set up in boot.config
    "memorysetup-bucket-allocator-granularity=16"
    "memorysetup-bucket-allocator-bucket-count=8"
    "memorysetup-bucket-allocator-block-size=33554432"
    "memorysetup-bucket-allocator-block-count=8"
    "memorysetup-main-allocator-block-size=16777216"
    "memorysetup-thread-allocator-block-size=16777216"
    "memorysetup-gfx-main-allocator-block-size=16777216"
    "memorysetup-gfx-thread-allocator-block-size=16777216"
    "memorysetup-cache-allocator-block-size=4194304"
    "memorysetup-typetree-allocator-block-size=2097152"
    "memorysetup-profiler-bucket-allocator-granularity=16"
    "memorysetup-profiler-bucket-allocator-bucket-count=8"
    "memorysetup-profiler-bucket-allocator-block-size=33554432"
    "memorysetup-profiler-bucket-allocator-block-count=8"
    "memorysetup-profiler-allocator-block-size=16777216"
    "memorysetup-profiler-editor-allocator-block-size=1048576"
    "memorysetup-temp-allocator-size-main=16777216"
    "memorysetup-job-temp-allocator-block-size=2097152"
    "memorysetup-job-temp-allocator-block-size-background=1048576"
    "memorysetup-job-temp-allocator-reduction-small-platforms=262144"
    "memorysetup-allocator-temp-initial-block-size-main=262144"
    "memorysetup-allocator-temp-initial-block-size-worker=262144"
    "memorysetup-temp-allocator-size-background-worker=32768"
    "memorysetup-temp-allocator-size-job-worker=262144"
    "memorysetup-temp-allocator-size-preload-manager=33554432"
    "memorysetup-temp-allocator-size-nav-mesh-worker=65536"
    "memorysetup-temp-allocator-size-audio-worker=65536"
    "memorysetup-temp-allocator-size-cloud-worker=32768"
    "memorysetup-temp-allocator-size-gi-baking-worker=262144"
    "memorysetup-temp-allocator-size-gfx=262144"
Player connection [7924] Host "[IP] 10.159.2.55 [Port] 0 [Flags] 2 [Guid] 302331151 [EditorId] 302331151 [Version] 1048832 [Id] WindowsEditor(7,TU-DTQC9K3) [Debug] 1 [PackageName] WindowsEditor [ProjectName] Editor" joined multi-casting on [225.0.0.222:54997]...

Player connection [7924] Host "[IP] 10.159.2.55 [Port] 0 [Flags] 2 [Guid] 302331151 [EditorId] 302331151 [Version] 1048832 [Id] WindowsEditor(7,TU-DTQC9K3) [Debug] 1 [PackageName] WindowsEditor [ProjectName] Editor" joined alternative multi-casting on [225.0.0.222:34997]...

[Physics::Module] Initialized MultithreadedJobDispatcher with 7 workers.
Refreshing native plugins compatible for Editor in 11.15 ms, found 3 plugins.
Preloading 0 native plugins for Editor in 0.00 ms.
Initialize engine version: 2022.3.21f1 (bf09ca542b87)
[Subsystems] Discovering subsystems at path C:/Program Files/Unity/Hub/Editor/2022.3.21f1/Editor/Data/Resources/UnitySubsystems
[Subsystems] Discovering subsystems at path C:/Users/C23435852/Desktop/DetentionDungeon/DungeonGame/DetentionDungeon/Assets
GfxDevice: creating device client; threaded=0; jobified=0
Direct3D:
    Version:  Direct3D 11.0 [level 11.1]
    Renderer: Intel(R) Iris(R) Xe Graphics (ID=0x9a49)
    Vendor:   Intel
    VRAM:     7888 MB
    Driver:   31.0.101.4953
Initialize mono
Mono path[0] = 'C:/Program Files/Unity/Hub/Editor/2022.3.21f1/Editor/Data/Managed'
Mono path[1] = 'C:/Program Files/Unity/Hub/Editor/2022.3.21f1/Editor/Data/MonoBleedingEdge/lib/mono/unityjit-win32'
Mono config path = 'C:/Program Files/Unity/Hub/Editor/2022.3.21f1/Editor/Data/MonoBleedingEdge/etc'
Using monoOptions --debugger-agent=transport=dt_socket,embedding=1,server=y,suspend=n,address=127.0.0.1:56072
Begin MonoManager ReloadAssembly
Registering precompiled unity dll's ...
Register platform support module: C:/Program Files/Unity/Hub/Editor/2022.3.21f1/Editor/Data/PlaybackEngines/WebGLSupport/UnityEditor.WebGL.Extensions.dll
Register platform support module: C:/Program Files/Unity/Hub/Editor/2022.3.21f1/Editor/Data/PlaybackEngines/WindowsStandaloneSupport/UnityEditor.WindowsStandalone.Extensions.dll
Registered in 0.008691 seconds.
- Loaded All Assemblies, in  0.463 seconds
Native extension for WindowsStandalone target not found
Native extension for WebGL target not found
Mono: successfully reloaded assembly
- Finished resetting the current domain, in  0.547 seconds
Domain Reload Profiling: 1009ms
	BeginReloadAssembly (129ms)
		ExecutionOrderSort (0ms)
		DisableScriptedObjects (0ms)
		BackupInstance (0ms)
		ReleaseScriptingObjects (0ms)
		CreateAndSetChildDomain (1ms)
	RebuildCommonClasses (50ms)
	RebuildNativeTypeToScriptingClass (16ms)
	initialDomainReloadingComplete (70ms)
	LoadAllAssembliesAndSetupDomain (195ms)
		LoadAssemblies (127ms)
		RebuildTransferFunctionScriptingTraits (0ms)
		AnalyzeDomain (193ms)
			TypeCache.Refresh (191ms)
				TypeCache.ScanAssembly (175ms)
			ScanForSourceGeneratedMonoScriptInfo (1ms)
			ResolveRequiredComponents (1ms)
	FinalizeReload (548ms)
		ReleaseScriptCaches (0ms)
		RebuildScriptCaches (0ms)
		SetupLoadedEditorAssemblies (452ms)
			LogAssemblyErrors (0ms)
			InitializePlatformSupportModulesInManaged (33ms)
			SetLoadedEditorAssemblies (17ms)
			RefreshPlugins (0ms)
			BeforeProcessingInitializeOnLoad (8ms)
			ProcessInitializeOnLoadAttributes (308ms)
			ProcessInitializeOnLoadMethodAttributes (87ms)
			AfterProcessingInitializeOnLoad (0ms)
			EditorAssembliesLoaded (0ms)
		ExecutionOrderSort2 (0ms)
		AwakeInstancesAfterBackupRestoration (0ms)
========================================================================
Worker process is ready to serve import requests
Begin MonoManager ReloadAssembly
- Loaded All Assemblies, in  0.859 seconds
Refreshing native plugins compatible for Editor in 3.39 ms, found 3 plugins.
Native extension for WindowsStandalone target not found
Native extension for WebGL target not found
Package Manager log level set to [2]
[Package Manager] Server::EnsureServerProcessIsRunning -- launch failed, reason: Unity was launched with the -noUpm command-line argument
[Package Manager] UpmClient::Send -- Unable to send message (not connected to UPM process).
[Package Manager] Cannot connect to Unity Package Manager local server
Mono: successfully reloaded assembly
- Finished resetting the current domain, in  0.821 seconds
Domain Reload Profiling: 1678ms
	BeginReloadAssembly (219ms)
		ExecutionOrderSort (0ms)
		DisableScriptedObjects (7ms)
		BackupInstance (0ms)
		ReleaseScriptingObjects (0ms)
		CreateAndSetChildDomain (37ms)
	RebuildCommonClasses (53ms)
	RebuildNativeTypeToScriptingClass (20ms)
	initialDomainReloadingComplete (54ms)
	LoadAllAssembliesAndSetupDomain (511ms)
		LoadAssemblies (372ms)
		RebuildTransferFunctionScriptingTraits (0ms)
		AnalyzeDomain (258ms)
			TypeCache.Refresh (226ms)
				TypeCache.ScanAssembly (202ms)
			ScanForSourceGeneratedMonoScriptInfo (23ms)
			ResolveRequiredComponents (7ms)
	FinalizeReload (822ms)
		ReleaseScriptCaches (0ms)
		RebuildScriptCaches (0ms)
		SetupLoadedEditorAssemblies (570ms)
			LogAssemblyErrors (0ms)
			InitializePlatformSupportModulesInManaged (10ms)
			SetLoadedEditorAssemblies (6ms)
			RefreshPlugins (0ms)
			BeforeProcessingInitializeOnLoad (76ms)
			ProcessInitializeOnLoadAttributes (437ms)
			ProcessInitializeOnLoadMethodAttributes (34ms)
			AfterProcessingInitializeOnLoad (7ms)
			EditorAssembliesLoaded (0ms)
		ExecutionOrderSort2 (0ms)
		AwakeInstancesAfterBackupRestoration (10ms)
Launched and connected shader compiler UnityShaderCompiler.exe after 0.06 seconds
Refreshing native plugins compatible for Editor in 8.51 ms, found 3 plugins.
Preloading 0 native plugins for Editor in 0.00 ms.
Unloading 3499 Unused Serialized files (Serialized files now loaded: 0)
Unloading 37 unused Assets / (122.6 KB). Loaded Objects now: 3967.
Memory consumption went from 141.9 MB to 141.8 MB.
Total: 3.549600 ms (FindLiveObjects: 0.319400 ms CreateObjectMapping: 0.135800 ms MarkObjects: 2.915100 ms  DeleteObjects: 0.177900 ms)

AssetImportParameters requested are different than current active one (requested -> active):
  custom:container-demuxer-ogg: 62fdf1f143b41e24485cea50d1cbac27 -> 
  custom:video-decoder-ogg-theora: a1e56fd34408186e4bbccfd4996cb3dc -> 
  custom:framework-win-MediaFoundation: 216162199b28c13a410421893ffa2e32 -> 
  custom:CustomObjectIndexerAttribute: 9a22284fe3817be447336de3de66b15e -> 
  custom:container-demuxer-webm: 4f35f7cbe854078d1ac9338744f61a02 -> 
  custom:container-muxer-webm: aa71ff27fc2769a1b78a27578f13a17b -> 
  custom:video-decoder-webm-vp8: 9c59270c3fd7afecdb556c50c9e8de78 -> 
  custom:SearchIndexIgnoredProperties: e643bd26f0fe6173181afceb89e7c659 -> 
  custom:AudioImporter_EditorPlatform: d09bf68614088b80899f8185d706f6e7 -> 
  custom:video-encoder-webm-vp8: eb34c28f22e8b96e1ab97ce403110664 -> 
  custom:audio-decoder-ogg-vorbis: bf7c407c2cedff20999df2af8eb42d56 -> 
  custom:audio-encoder-webm-vorbis: bf7c407c2cedff20999df2af8eb42d56 -> 
========================================================================
Received Prepare
Begin MonoManager ReloadAssembly
- Loaded All Assemblies, in  0.695 seconds
Refreshing native plugins compatible for Editor in 5.80 ms, found 3 plugins.
Native extension for WindowsStandalone target not found
Native extension for WebGL target not found
[Package Manager] Server::EnsureServerProcessIsRunning -- launch failed, reason: Unity was launched with the -noUpm command-line argument
[Package Manager] UpmClient::Send -- Unable to send message (not connected to UPM process).
[Package Manager] Cannot connect to Unity Package Manager local server
Mono: successfully reloaded assembly
- Finished resetting the current domain, in  1.979 seconds
Domain Reload Profiling: 2669ms
	BeginReloadAssembly (245ms)
		ExecutionOrderSort (0ms)
		DisableScriptedObjects (7ms)
		BackupInstance (0ms)
		ReleaseScriptingObjects (0ms)
		CreateAndSetChildDomain (60ms)
	RebuildCommonClasses (69ms)
	RebuildNativeTypeToScriptingClass (15ms)
	initialDomainReloadingComplete (45ms)
	LoadAllAssembliesAndSetupDomain (316ms)
		LoadAssemblies (423ms)
		RebuildTransferFunctionScriptingTraits (0ms)
		AnalyzeDomain (19ms)
			TypeCache.Refresh (9ms)
				TypeCache.ScanAssembly (0ms)
			ScanForSourceGeneratedMonoScriptInfo (0ms)
			ResolveRequiredComponents (8ms)
	FinalizeReload (1980ms)
		ReleaseScriptCaches (0ms)
		RebuildScriptCaches (0ms)
		SetupLoadedEditorAssemblies (994ms)
			LogAssemblyErrors (0ms)
			InitializePlatformSupportModulesInManaged (18ms)
			SetLoadedEditorAssemblies (12ms)
			RefreshPlugins (0ms)
			BeforeProcessingInitializeOnLoad (151ms)
			ProcessInitializeOnLoadAttributes (740ms)
			ProcessInitializeOnLoadMethodAttributes (59ms)
			AfterProcessingInitializeOnLoad (14ms)
			EditorAssembliesLoaded (0ms)
		ExecutionOrderSort2 (0ms)
		AwakeInstancesAfterBackupRestoration (13ms)
Refreshing native plugins compatible for Editor in 8.88 ms, found 3 plugins.
Preloading 0 native plugins for Editor in 0.00 ms.
Unloading 3456 Unused Serialized files (Serialized files now loaded: 0)
Unloading 25 unused Assets / (94.7 KB). Loaded Objects now: 3970.
Memory consumption went from 134.4 MB to 134.3 MB.
Total: 6.470400 ms (FindLiveObjects: 0.652500 ms CreateObjectMapping: 0.366800 ms MarkObjects: 5.180400 ms  DeleteObjects: 0.266000 ms)

Prepare: number of updated asset objects reloaded= 0
AssetImportParameters requested are different than current active one (requested -> active):
  custom:container-demuxer-ogg: 62fdf1f143b41e24485cea50d1cbac27 -> 
  custom:video-decoder-ogg-theora: a1e56fd34408186e4bbccfd4996cb3dc -> 
  custom:framework-win-MediaFoundation: 216162199b28c13a410421893ffa2e32 -> 
  custom:CustomObjectIndexerAttribute: 9a22284fe3817be447336de3de66b15e -> 
  custom:container-demuxer-webm: 4f35f7cbe854078d1ac9338744f61a02 -> 
  custom:container-muxer-webm: aa71ff27fc2769a1b78a27578f13a17b -> 
  custom:video-decoder-webm-vp8: 9c59270c3fd7afecdb556c50c9e8de78 -> 
  custom:SearchIndexIgnoredProperties: e643bd26f0fe6173181afceb89e7c659 -> 
  custom:AudioImporter_EditorPlatform: d09bf68614088b80899f8185d706f6e7 -> 
  custom:video-encoder-webm-vp8: eb34c28f22e8b96e1ab97ce403110664 -> 
  custom:audio-decoder-ogg-vorbis: bf7c407c2cedff20999df2af8eb42d56 -> 
  custom:audio-encoder-webm-vorbis: bf7c407c2cedff20999df2af8eb42d56 -> 
========================================================================
Received Import Request.
  Time since last request: 144310.684780 seconds.
  path: Assets/school
  artifactKey: Guid(1cace921de115cb4ab99ffdd01ff18c1) Importer(815301076,1909f56bfc062723c751e8b465ee728b)
Start importing Assets/school using Guid(1cace921de115cb4ab99ffdd01ff18c1) Importer(815301076,1909f56bfc062723c751e8b465ee728b)  -> (artifact id: '017dfa04440cee5bc55fe68291b8ba9f') in 0.003002 seconds
Number of updated asset objects reloaded before import = 0
Number of asset objects unloaded after import = 0
========================================================================
Received Import Request.
  Time since last request: 2.178343 seconds.
  path: Assets/school/props
  artifactKey: Guid(c851fb25127db034c84b47a6c0b2547d) Importer(815301076,1909f56bfc062723c751e8b465ee728b)
Start importing Assets/school/props using Guid(c851fb25127db034c84b47a6c0b2547d) Importer(815301076,1909f56bfc062723c751e8b465ee728b)  -> (artifact id: '58e4f953f0c6c35603c8f432f17a851a') in 0.001455 seconds
Number of updated asset objects reloaded before import = 0
Number of asset objects unloaded after import = 0
========================================================================
Received Import Request.
  Time since last request: 0.104913 seconds.
  path: Assets/school/props/a door.fbx
  artifactKey: Guid(a1b64279c34bd0a49abf18b790a099b4) Importer(815301076,1909f56bfc062723c751e8b465ee728b)
Start importing Assets/school/props/a door.fbx using Guid(a1b64279c34bd0a49abf18b790a099b4) Importer(815301076,1909f56bfc062723c751e8b465ee728b)  -> (artifact id: 'ed400bea7a4c4f6688d508bac1088c9f') in 0.356787 seconds
Number of updated asset objects reloaded before import = 0
Number of asset objects unloaded after import = 13
========================================================================
Received Import Request.
  Time since last request: 0.000048 seconds.
  path: Assets/school/props/book2.fbx
  artifactKey: Guid(98a3eef7f73edd846970e62f64af6a46) Importer(815301076,1909f56bfc062723c751e8b465ee728b)
Start importing Assets/school/props/book2.fbx using Guid(98a3eef7f73edd846970e62f64af6a46) Importer(815301076,1909f56bfc062723c751e8b465ee728b)  -> (artifact id: 'ea3b4541ba6a0ea6301b7fa38c1378d8') in 0.051008 seconds
Number of updated asset objects reloaded before import = 0
Number of asset objects unloaded after import = 8
========================================================================
Received Import Request.
  Time since last request: 0.000055 seconds.
  path: Assets/school/props/board2_2.fbx
  artifactKey: Guid(bd7e469a6d0e8c44e9dabdd48e4bfb36) Importer(815301076,1909f56bfc062723c751e8b465ee728b)
Start importing Assets/school/props/board2_2.fbx using Guid(bd7e469a6d0e8c44e9dabdd48e4bfb36) Importer(815301076,1909f56bfc062723c751e8b465ee728b)  -> (artifact id: 'c1b6490d52f3d4f08066a8f6b3c65fba') in 0.043238 seconds
Number of updated asset objects reloaded before import = 0
Number of asset objects unloaded after import = 8
========================================================================
Received Import Request.
  Time since last request: 0.000066 seconds.
  path: Assets/school/props/book1.fbx
  artifactKey: Guid(2ba609b3cfa3a39409cd47125c0b8f23) Importer(815301076,1909f56bfc062723c751e8b465ee728b)
Start importing Assets/school/props/book1.fbx using Guid(2ba609b3cfa3a39409cd47125c0b8f23) Importer(815301076,1909f56bfc062723c751e8b465ee728b)  -> (artifact id: 'f89b57a5743ec2dd9f66746918973efd') in 0.052439 seconds
Number of updated asset objects reloaded before import = 0
Number of asset objects unloaded after import = 8
========================================================================
Received Import Request.
  Time since last request: 0.000031 seconds.
  path: Assets/school/props/book8.fbx
  artifactKey: Guid(c84426d852eade14f99559ca019e22ce) Importer(815301076,1909f56bfc062723c751e8b465ee728b)
Start importing Assets/school/props/book8.fbx using Guid(c84426d852eade14f99559ca019e22ce) Importer(815301076,1909f56bfc062723c751e8b465ee728b)  -> (artifact id: 'ca8f30fc641acc2d7ab2654d30108c2f') in 0.045968 seconds
Number of updated asset objects reloaded before import = 0
Number of asset objects unloaded after import = 8
========================================================================
Received Import Request.
  Time since last request: 0.000028 seconds.
  path: Assets/school/props/board.fbx
  artifactKey: Guid(5613243e699c34046bcf679855532f68) Importer(815301076,1909f56bfc062723c751e8b465ee728b)
Start importing Assets/school/props/board.fbx using Guid(5613243e699c34046bcf679855532f68) Importer(815301076,1909f56bfc062723c751e8b465ee728b)  -> (artifact id: '6093004408a2cc5e6d8dbdd0bb6e92a3') in 0.058518 seconds
Number of updated asset objects reloaded before import = 0
Number of asset objects unloaded after import = 8
========================================================================
Received Import Request.
  Time since last request: 0.000046 seconds.
  path: Assets/school/props/book6.fbx
  artifactKey: Guid(9ba47c7a82616534bbe4f5bc55bfee77) Importer(815301076,1909f56bfc062723c751e8b465ee728b)
Start importing Assets/school/props/book6.fbx using Guid(9ba47c7a82616534bbe4f5bc55bfee77) Importer(815301076,1909f56bfc062723c751e8b465ee728b)  -> (artifact id: 'a89870d578f1d0b3095a4c9730405ef5') in 0.045972 seconds
Number of updated asset objects reloaded before import = 0
Number of asset objects unloaded after import = 8
========================================================================
Received Import Request.
  Time since last request: 0.000114 seconds.
  path: Assets/school/props/a laptop.fbx
  artifactKey: Guid(6a3802d04cb8d4e4d8e354e4a4098cba) Importer(815301076,1909f56bfc062723c751e8b465ee728b)
Start importing Assets/school/props/a laptop.fbx using Guid(6a3802d04cb8d4e4d8e354e4a4098cba) Importer(815301076,1909f56bfc062723c751e8b465ee728b)  -> (artifact id: '32fdccba979b83887c978ee523855acb') in 0.047948 seconds
Number of updated asset objects reloaded before import = 0
Number of asset objects unloaded after import = 8
========================================================================
Received Import Request.
  Time since last request: 0.000207 seconds.
  path: Assets/school/props/book.fbx
  artifactKey: Guid(fe29f3a55c29a794a8d6a3d12b9aca96) Importer(815301076,1909f56bfc062723c751e8b465ee728b)
Start importing Assets/school/props/book.fbx using Guid(fe29f3a55c29a794a8d6a3d12b9aca96) Importer(815301076,1909f56bfc062723c751e8b465ee728b)  -> (artifact id: 'd52d7c0830ea2488c5f6fa17cb1573a1') in 0.046516 seconds
Number of updated asset objects reloaded before import = 0
Number of asset objects unloaded after import = 8
========================================================================
Received Import Request.
  Time since last request: 0.000278 seconds.
  path: Assets/school/props/board1.fbx
  artifactKey: Guid(2096cda62bf772342bc7a4aeda6e4a67) Importer(815301076,1909f56bfc062723c751e8b465ee728b)
Start importing Assets/school/props/board1.fbx using Guid(2096cda62bf772342bc7a4aeda6e4a67) Importer(815301076,1909f56bfc062723c751e8b465ee728b)  -> (artifact id: '484b943eb1ec8160cfa262633abac69a') in 0.049404 seconds
Number of updated asset objects reloaded before import = 0
Number of asset objects unloaded after import = 8
========================================================================
Received Import Request.
  Time since last request: 1.943678 seconds.
  path: Assets/school/props/book11.fbx
  artifactKey: Guid(469050c7eb8ed64428b8fb7604b109fb) Importer(815301076,1909f56bfc062723c751e8b465ee728b)
Start importing Assets/school/props/book11.fbx using Guid(469050c7eb8ed64428b8fb7604b109fb) Importer(815301076,1909f56bfc062723c751e8b465ee728b)  -> (artifact id: 'bd4ec34310f2bc309dc92329f4ad5191') in 0.046845 seconds
Number of updated asset objects reloaded before import = 0
Number of asset objects unloaded after import = 8
========================================================================
Received Import Request.
  Time since last request: 0.000053 seconds.
  path: Assets/school/props/book16.fbx
  artifactKey: Guid(804dc1b5bcbda42449135bc1c93de072) Importer(815301076,1909f56bfc062723c751e8b465ee728b)
Start importing Assets/school/props/book16.fbx using Guid(804dc1b5bcbda42449135bc1c93de072) Importer(815301076,1909f56bfc062723c751e8b465ee728b)  -> (artifact id: '380315a31038172186675751574b5370') in 0.047406 seconds
Number of updated asset objects reloaded before import = 0
Number of asset objects unloaded after import = 8
========================================================================
Received Import Request.
  Time since last request: 0.000020 seconds.
  path: Assets/school/props/book15.fbx
  artifactKey: Guid(684a936c3957cd24f9bdc028cf0fff01) Importer(815301076,1909f56bfc062723c751e8b465ee728b)
Start importing Assets/school/props/book15.fbx using Guid(684a936c3957cd24f9bdc028cf0fff01) Importer(815301076,1909f56bfc062723c751e8b465ee728b)  -> (artifact id: 'd17e5a7493d75c7537c6a9f5d070ea20') in 0.045635 seconds
Number of updated asset objects reloaded before import = 0
Number of asset objects unloaded after import = 8
========================================================================
Received Import Request.
  Time since last request: 0.940282 seconds.
  path: Assets/school/props/bus.fbx
  artifactKey: Guid(7f54a7cb15b227045b46f8cf3ff5ea83) Importer(815301076,1909f56bfc062723c751e8b465ee728b)
Start importing Assets/school/props/bus.fbx using Guid(7f54a7cb15b227045b46f8cf3ff5ea83) Importer(815301076,1909f56bfc062723c751e8b465ee728b)  -> (artifact id: 'fa02e0f3f2413b37b478eddb41fc047c') in 0.154615 seconds
Number of updated asset objects reloaded before import = 0
Number of asset objects unloaded after import = 23
========================================================================
Received Import Request.
  Time since last request: 0.000044 seconds.
  path: Assets/school/props/computer.fbx
  artifactKey: Guid(19da5e77d15e6b246ae6557f5f4c3cbe) Importer(815301076,1909f56bfc062723c751e8b465ee728b)
Start importing Assets/school/props/computer.fbx using Guid(19da5e77d15e6b246ae6557f5f4c3cbe) Importer(815301076,1909f56bfc062723c751e8b465ee728b)  -> (artifact id: '27176f8becfb6f2978982a584029be6d') in 0.065787 seconds
Number of updated asset objects reloaded before import = 0
Number of asset objects unloaded after import = 8
========================================================================
Received Import Request.
  Time since last request: 0.000195 seconds.
  path: Assets/school/props/chair1.fbx
  artifactKey: Guid(e3fd7e9d6b3f64648beef3391d3952d6) Importer(815301076,1909f56bfc062723c751e8b465ee728b)
Start importing Assets/school/props/chair1.fbx using Guid(e3fd7e9d6b3f64648beef3391d3952d6) Importer(815301076,1909f56bfc062723c751e8b465ee728b)  -> (artifact id: 'e6eb6bb416e30f8d942d4026d7e39758') in 0.079945 seconds
Number of updated asset objects reloaded before import = 0
Number of asset objects unloaded after import = 8
========================================================================
Received Import Request.
  Time since last request: 0.222448 seconds.
  path: Assets/school/props/computer2.fbx
  artifactKey: Guid(fade7d8b155c9e347935a5505346523d) Importer(815301076,1909f56bfc062723c751e8b465ee728b)
Start importing Assets/school/props/computer2.fbx using Guid(fade7d8b155c9e347935a5505346523d) Importer(815301076,1909f56bfc062723c751e8b465ee728b)  -> (artifact id: 'd9d1a129087a39f0fe37c771acadd24e') in 0.049422 seconds
Number of updated asset objects reloaded before import = 0
Number of asset objects unloaded after import = 8
========================================================================
Received Import Request.
  Time since last request: 0.000032 seconds.
  path: Assets/school/props/fire1.fbx
  artifactKey: Guid(9039d479f37a33c4a81362d04791c6b0) Importer(815301076,1909f56bfc062723c751e8b465ee728b)
Start importing Assets/school/props/fire1.fbx using Guid(9039d479f37a33c4a81362d04791c6b0) Importer(815301076,1909f56bfc062723c751e8b465ee728b)  -> (artifact id: '0f4ce505d2165ee545621e9e0a1ec6b8') in 0.045275 seconds
Number of updated asset objects reloaded before import = 0
Number of asset objects unloaded after import = 8
========================================================================
Received Import Request.
  Time since last request: 0.000029 seconds.
  path: Assets/school/props/jalousie.fbx
  artifactKey: Guid(f8efd7bda192d6d4c9936256eff57e9e) Importer(815301076,1909f56bfc062723c751e8b465ee728b)
Start importing Assets/school/props/jalousie.fbx using Guid(f8efd7bda192d6d4c9936256eff57e9e) Importer(815301076,1909f56bfc062723c751e8b465ee728b)  -> (artifact id: '37b4a37837a0887b921650aaa1431b55') in 0.045576 seconds
Number of updated asset objects reloaded before import = 0
Number of asset objects unloaded after import = 8
========================================================================
Received Import Request.
  Time since last request: 0.912074 seconds.
  path: Assets/school/props/locker1.fbx
  artifactKey: Guid(a009d4148ee08684d917c68693f75228) Importer(815301076,1909f56bfc062723c751e8b465ee728b)
Start importing Assets/school/props/locker1.fbx using Guid(a009d4148ee08684d917c68693f75228) Importer(815301076,1909f56bfc062723c751e8b465ee728b)  -> (artifact id: '90bff9e339a40b4bcf1081eb8af6fc9b') in 0.123756 seconds
Number of updated asset objects reloaded before import = 0
Number of asset objects unloaded after import = 8
========================================================================
Received Import Request.
  Time since last request: 0.000032 seconds.
  path: Assets/school/props/locker_1.fbx
  artifactKey: Guid(6c66e7ddb4e3bf94e8581dbdbd34d601) Importer(815301076,1909f56bfc062723c751e8b465ee728b)
Start importing Assets/school/props/locker_1.fbx using Guid(6c66e7ddb4e3bf94e8581dbdbd34d601) Importer(815301076,1909f56bfc062723c751e8b465ee728b)  -> (artifact id: '6769281b6e7c9d0d3a7d3bcffc719976') in 0.105896 seconds
Number of updated asset objects reloaded before import = 0
Number of asset objects unloaded after import = 8
========================================================================
Received Import Request.
  Time since last request: 0.000047 seconds.
  path: Assets/school/props/locker_3.fbx
  artifactKey: Guid(2ef5cccbf9af996448903a637411876a) Importer(815301076,1909f56bfc062723c751e8b465ee728b)
Start importing Assets/school/props/locker_3.fbx using Guid(2ef5cccbf9af996448903a637411876a) Importer(815301076,1909f56bfc062723c751e8b465ee728b)  -> (artifact id: '93cf478e4fcac0a5d07acbf44da4180c') in 0.050922 seconds
Number of updated asset objects reloaded before import = 0
Number of asset objects unloaded after import = 8
========================================================================
Received Import Request.
  Time since last request: 0.000052 seconds.
  path: Assets/school/props/sheet1.fbx
  artifactKey: Guid(23b1d8473c4b7404ea0dd7c937deb666) Importer(815301076,1909f56bfc062723c751e8b465ee728b)
Start importing Assets/school/props/sheet1.fbx using Guid(23b1d8473c4b7404ea0dd7c937deb666) Importer(815301076,1909f56bfc062723c751e8b465ee728b)  -> (artifact id: '606daa20863d5399ae51ea6639cd7025') in 0.062107 seconds
Number of updated asset objects reloaded before import = 0
Number of asset objects unloaded after import = 8
========================================================================
Received Import Request.
  Time since last request: 0.573103 seconds.
  path: Assets/school/props/sheet2.fbx
  artifactKey: Guid(481b15e92ed6941478e39061d9935711) Importer(815301076,1909f56bfc062723c751e8b465ee728b)
Start importing Assets/school/props/sheet2.fbx using Guid(481b15e92ed6941478e39061d9935711) Importer(815301076,1909f56bfc062723c751e8b465ee728b)  -> (artifact id: '6c56f123c6b8bf29ca240fe4dfa8576b') in 0.057794 seconds
Number of updated asset objects reloaded before import = 0
Number of asset objects unloaded after import = 8
========================================================================
Received Import Request.
  Time since last request: 0.000037 seconds.
  path: Assets/school/props/table2.fbx
  artifactKey: Guid(428d9da19f0db6d42a12afe656585894) Importer(815301076,1909f56bfc062723c751e8b465ee728b)
Start importing Assets/school/props/table2.fbx using Guid(428d9da19f0db6d42a12afe656585894) Importer(815301076,1909f56bfc062723c751e8b465ee728b)  -> (artifact id: '42e95d8d4af6039f25212e5014c25bb1') in 0.059939 seconds
Number of updated asset objects reloaded before import = 0
Number of asset objects unloaded after import = 8
========================================================================
Received Import Request.
  Time since last request: 0.000039 seconds.
  path: Assets/school/props/wall.fbx
  artifactKey: Guid(20fa30becf879ae4fbd158795edc156d) Importer(815301076,1909f56bfc062723c751e8b465ee728b)
Start importing Assets/school/props/wall.fbx using Guid(20fa30becf879ae4fbd158795edc156d) Importer(815301076,1909f56bfc062723c751e8b465ee728b)  -> (artifact id: 'a2c78ca145b2afa134e3e2a46a073a98') in 0.053581 seconds
Number of updated asset objects reloaded before import = 0
Number of asset objects unloaded after import = 8
========================================================================
Received Import Request.
  Time since last request: 0.000071 seconds.
  path: Assets/school/props/speaker.fbx
  artifactKey: Guid(2e93ee0f4a411944ca5d229dc4b228e3) Importer(815301076,1909f56bfc062723c751e8b465ee728b)
Start importing Assets/school/props/speaker.fbx using Guid(2e93ee0f4a411944ca5d229dc4b228e3) Importer(815301076,1909f56bfc062723c751e8b465ee728b)  -> (artifact id: 'f95f23c8e0f69243f6bd9e6996140610') in 0.046698 seconds
Number of updated asset objects reloaded before import = 0
Number of asset objects unloaded after import = 8
========================================================================
Received Import Request.
  Time since last request: 0.666023 seconds.
  path: Assets/school/props/wall4.fbx
  artifactKey: Guid(65c4b63d3ab1edc4c98cc4216586cccf) Importer(815301076,1909f56bfc062723c751e8b465ee728b)
Start importing Assets/school/props/wall4.fbx using Guid(65c4b63d3ab1edc4c98cc4216586cccf) Importer(815301076,1909f56bfc062723c751e8b465ee728b)  -> (artifact id: '95a1453636ea4bc19c049d306814d1cf') in 0.053073 seconds
Number of updated asset objects reloaded before import = 0
Number of asset objects unloaded after import = 8
========================================================================
Received Prepare
Begin MonoManager ReloadAssembly
- Loaded All Assemblies, in  0.760 seconds
Refreshing native plugins compatible for Editor in 11.57 ms, found 3 plugins.
Native extension for WindowsStandalone target not found
Native extension for WebGL target not found
[Package Manager] Server::EnsureServerProcessIsRunning -- launch failed, reason: Unity was launched with the -noUpm command-line argument
[Package Manager] UpmClient::Send -- Unable to send message (not connected to UPM process).
[Package Manager] Cannot connect to Unity Package Manager local server
Mono: successfully reloaded assembly
- Finished resetting the current domain, in  3.672 seconds
Domain Reload Profiling: 4428ms
	BeginReloadAssembly (273ms)
		ExecutionOrderSort (0ms)
		DisableScriptedObjects (6ms)
		BackupInstance (0ms)
		ReleaseScriptingObjects (0ms)
		CreateAndSetChildDomain (91ms)
	RebuildCommonClasses (71ms)
	RebuildNativeTypeToScriptingClass (16ms)
	initialDomainReloadingComplete (44ms)
	LoadAllAssembliesAndSetupDomain (352ms)
		LoadAssemblies (450ms)
		RebuildTransferFunctionScriptingTraits (0ms)
		AnalyzeDomain (37ms)
			TypeCache.Refresh (13ms)
				TypeCache.ScanAssembly (0ms)
			ScanForSourceGeneratedMonoScriptInfo (1ms)
			ResolveRequiredComponents (19ms)
	FinalizeReload (3673ms)
		ReleaseScriptCaches (0ms)
		RebuildScriptCaches (0ms)
		SetupLoadedEditorAssemblies (1377ms)
			LogAssemblyErrors (0ms)
			InitializePlatformSupportModulesInManaged (27ms)
			SetLoadedEditorAssemblies (14ms)
			RefreshPlugins (0ms)
			BeforeProcessingInitializeOnLoad (197ms)
			ProcessInitializeOnLoadAttributes (1020ms)
			ProcessInitializeOnLoadMethodAttributes (95ms)
			AfterProcessingInitializeOnLoad (25ms)
			EditorAssembliesLoaded (0ms)
		ExecutionOrderSort2 (0ms)
		AwakeInstancesAfterBackupRestoration (25ms)
Refreshing native plugins compatible for Editor in 12.45 ms, found 3 plugins.
Preloading 0 native plugins for Editor in 0.00 ms.
Unloading 3455 Unused Serialized files (Serialized files now loaded: 0)
Unloading 25 unused Assets / (70.6 KB). Loaded Objects now: 4017.
Memory consumption went from 140.9 MB to 140.8 MB.
Total: 7.722300 ms (FindLiveObjects: 0.938600 ms CreateObjectMapping: 0.251400 ms MarkObjects: 6.068300 ms  DeleteObjects: 0.461500 ms)

Prepare: number of updated asset objects reloaded= 0
AssetImportParameters requested are different than current active one (requested -> active):
  custom:container-demuxer-ogg: 62fdf1f143b41e24485cea50d1cbac27 -> 
  custom:video-decoder-ogg-theora: a1e56fd34408186e4bbccfd4996cb3dc -> 
  custom:framework-win-MediaFoundation: 216162199b28c13a410421893ffa2e32 -> 
  custom:CustomObjectIndexerAttribute: 9a22284fe3817be447336de3de66b15e -> 
  custom:container-demuxer-webm: 4f35f7cbe854078d1ac9338744f61a02 -> 
  custom:container-muxer-webm: aa71ff27fc2769a1b78a27578f13a17b -> 
  custom:video-decoder-webm-vp8: 9c59270c3fd7afecdb556c50c9e8de78 -> 
  custom:SearchIndexIgnoredProperties: e643bd26f0fe6173181afceb89e7c659 -> 
  custom:AudioImporter_EditorPlatform: d09bf68614088b80899f8185d706f6e7 -> 
  custom:video-encoder-webm-vp8: eb34c28f22e8b96e1ab97ce403110664 -> 
  custom:audio-decoder-ogg-vorbis: bf7c407c2cedff20999df2af8eb42d56 -> 
  custom:audio-encoder-webm-vorbis: bf7c407c2cedff20999df2af8eb42d56 -> 
Editor requested this worker to shutdown with reason: Scaling down because of idle timeout
TcpMessagingSession - receive error: operation aborted. errorcode: 995, details: The I/O operation has been aborted because of either a thread exit or an application request.
AssetImportWorker is now disconnected from the server
Process exiting
Exiting without the bug reporter. Application will terminate with return code 0